Arguments: 
  C:\Program Files\nodejs\node.exe C:\Users\pc\AppData\Roaming\npm\node_modules\yarn\bin\yarn.js install

PATH: 
  E:\software\Oracle\app\oracle\product\11.2.0\server\bin;C:\WINDOWS\system32;C:\WINDOWS;C:\WINDOWS\System32\Wbem;C:\WINDOWS\System32\WindowsPowerShell\v1.0\;C:\WINDOWS\System32\OpenSSH\;C:\Program Files\Java\jdk-14.0.1\bin;C:\Program Files (x86)\Microsoft SQL Server\100\Tools\Binn\;C:\Program Files\Microsoft SQL Server\100\Tools\Binn\;C:\Program Files\Microsoft SQL Server\100\DTS\Binn\;C:\wamp64\bin\php\php7.3.12;C:\composer;C:\Program Files\nodejs\;C:\Program Files\Git\cmd;C:\Users\pc\AppData\Local\Programs\Python\Python310\Scripts\;C:\Users\pc\AppData\Local\Programs\Python\Python310\;C:\Users\pc\AppData\Local\Microsoft\WindowsApps;E:\software\Microsoft VS Code\bin;C:\Users\pc\AppData\Roaming\Composer\vendor\bin;C:\wamp64\bin\php\php7.3.12;C:\wamp64\bin\mysql\mysql8.0.18\bin;C:\Users\pc\AppData\Roaming\npm;C:\Program Files\JetBrains\PyCharm Community Edition 2021.2.3\bin;

Yarn version: 
  1.22.17

Node version: 
  14.17.6

Platform: 
  win32 x64

Trace: 
  Error: read ECONNRESET
      at TLSWrap.onStreamRead (internal/stream_base_commons.js:209:20)

npm manifest: 
  {
    "name": "gamezone",
    "version": "1.0.0",
    "main": "node_modules/expo/AppEntry.js",
    "scripts": {
      "start": "expo start",
      "android": "expo start --android",
      "ios": "expo start --ios",
      "web": "expo start --web",
      "eject": "expo eject"
    },
    "dependencies": {
      "expo": "~43.0.2",
      "expo-status-bar": "~1.1.0",
      "react": "17.0.1",
      "react-dom": "17.0.1",
      "react-native": "0.64.3",
      "react-native-web": "0.17.1"
    },
    "devDependencies": {
      "@babel/core": "^7.12.9"
    },
    "private": true
  }

yarn manifest: 
  No manifest

Lockfile: 
  No lockfile
